"polygons" in: met_min_ca_density.lydrc:35
    Polygons (raw): 106309 (flat)  1967 (hierarchical)
    Elapsed: 0.020s  Memory: 544.00M
"polygons" in: met_min_ca_density.lydrc:36
    Polygons (raw): 255954 (flat)  157438 (hierarchical)
    Elapsed: 0.070s  Memory: 547.00M
"polygons" in: met_min_ca_density.lydrc:38
    Polygons (raw): 205490 (flat)  3873 (hierarchical)
    Elapsed: 0.020s  Memory: 547.00M
"polygons" in: met_min_ca_density.lydrc:39
    Polygons (raw): 203312 (flat)  7666 (hierarchical)
    Elapsed: 0.010s  Memory: 547.00M
"polygons" in: met_min_ca_density.lydrc:41
    Polygons (raw): 125388 (flat)  3509 (hierarchical)
    Elapsed: 0.010s  Memory: 547.00M
"polygons" in: met_min_ca_density.lydrc:42
    Polygons (raw): 99060 (flat)  4398 (hierarchical)
    Elapsed: 0.010s  Memory: 547.00M
"polygons" in: met_min_ca_density.lydrc:44
    Polygons (raw): 18644 (flat)  972 (hierarchical)
    Elapsed: 0.010s  Memory: 547.00M
"polygons" in: met_min_ca_density.lydrc:45
    Polygons (raw): 5695034 (flat)  8307 (hierarchical)
    Elapsed: 0.010s  Memory: 548.00M
"polygons" in: met_min_ca_density.lydrc:47
    Polygons (raw): 19331 (flat)  459 (hierarchical)
    Elapsed: 0.010s  Memory: 548.00M
"polygons" in: met_min_ca_density.lydrc:48
    Polygons (raw): 0 (flat)  0 (hierarchical)
    Elapsed: 0.010s  Memory: 548.00M
"polygons" in: met_min_ca_density.lydrc:49
    Polygons (raw): 97111 (flat)  5345 (hierarchical)
    Elapsed: 0.010s  Memory: 548.00M
"polygons" in: met_min_ca_density.lydrc:51
    Polygons (raw): 2888 (flat)  1884 (hierarchical)
    Elapsed: 0.020s  Memory: 548.00M
"input" in: met_min_ca_density.lydrc:53
    Polygons (raw): 8436 (flat)  110 (hierarchical)
    Elapsed: 0.010s  Memory: 548.00M
"area" in: met_min_ca_density.lydrc:55
    Elapsed: 0.170s  Memory: 553.00M
"polygons" in: met_min_ca_density.lydrc:59
    Polygons (raw): 106309 (flat)  1967 (hierarchical)
    Elapsed: 0.020s  Memory: 553.00M
"area" in: met_min_ca_density.lydrc:59
    Elapsed: 0.050s  Memory: 553.00M
li1_ca_density is 0.9804474877874961
"polygons" in: met_min_ca_density.lydrc:69
    Polygons (raw): 205490 (flat)  3873 (hierarchical)
    Elapsed: 0.010s  Memory: 553.00M
"area" in: met_min_ca_density.lydrc:69
    Elapsed: 0.080s  Memory: 553.00M
m1_ca_density is 0.9094682945721124
"polygons" in: met_min_ca_density.lydrc:79
    Polygons (raw): 125388 (flat)  3509 (hierarchical)
    Elapsed: 0.010s  Memory: 553.00M
"area" in: met_min_ca_density.lydrc:79
    Elapsed: 0.070s  Memory: 553.00M
m2_ca_density is 0.9441053144433958
"polygons" in: met_min_ca_density.lydrc:89
    Polygons (raw): 18644 (flat)  972 (hierarchical)
    Elapsed: 0.010s  Memory: 553.00M
"area" in: met_min_ca_density.lydrc:89
    Elapsed: 0.100s  Memory: 553.00M
m3_ca_density is 0.8382104099373444
"polygons" in: met_min_ca_density.lydrc:99
    Polygons (raw): 19331 (flat)  459 (hierarchical)
    Elapsed: 0.010s  Memory: 553.00M
"area" in: met_min_ca_density.lydrc:99
    Elapsed: 0.100s  Memory: 554.00M
m4_ca_density is 0.8383308895620913
"polygons" in: met_min_ca_density.lydrc:109
    Polygons (raw): 2888 (flat)  1884 (hierarchical)
    Elapsed: 0.020s  Memory: 554.00M
"area" in: met_min_ca_density.lydrc:109
    Elapsed: 0.040s  Memory: 554.00M
m5_ca_density is 0.8312501862624533
Writing report database: /home/elonjia/caravel_tutorial/OpenFASOC-NIST-PMU-ReRAM/precheck_results/15_JUN_2022___20_49_17/outputs/reports/klayout_met_min_ca_density_check.xml ..
Total elapsed: 1.120s  Memory: 554.00M
