2022-06-15 20:49:17 - [INFO] - {{EXTRACTING FILES}} Extracting compressed files in: /home/elonjia/caravel_tutorial/OpenFASOC-NIST-PMU-ReRAM
2022-06-15 20:49:17 - [INFO] - {{Project Type Info}} analog
2022-06-15 20:49:17 - [INFO] - {{Project GDS Info}} user_analog_project_wrapper: 3fc55360f605736bf9faec1d83a769ccacb152e9
2022-06-15 20:49:18 - [INFO] - {{Tools Info}} KLayout: v0.27.8 | Magic: v8.3.274
2022-06-15 20:49:18 - [ERROR] - MPW Precheck failed to get Open PDKs & Skywater PDK versions: Command '['git', '-C', '/home/elonjia/caravel_tutorial/pdks/open_pdks', 'rev-parse', '--verify', 'HEAD']' returned non-zero exit status 128.
2022-06-15 20:49:18 - [INFO] - {{START}} Precheck Started, the full log 'precheck.log' will be located in '/home/elonjia/caravel_tutorial/OpenFASOC-NIST-PMU-ReRAM/precheck_results/15_JUN_2022___20_49_17/logs'
2022-06-15 20:49:18 - [INFO] - {{PRECHECK SEQUENCE}} Precheck will run the following checks: [License, Makefile, Default, Documentation, Consistency, XOR, Magic DRC, Klayout FEOL, Klayout BEOL, Klayout Offgrid, Klayout Metal Minimum Clear Area Density, Klayout Pin Label Purposes Overlapping Drawing, Klayout ZeroArea]
2022-06-15 20:49:18 - [INFO] - {{STEP UPDATE}} Executing Check 1 of 13: License
2022-06-15 20:49:18 - [INFO] - An approved LICENSE (Apache-2.0) was found in /home/elonjia/caravel_tutorial/OpenFASOC-NIST-PMU-ReRAM.
2022-06-15 20:49:18 - [INFO] - {{MAIN LICENSE CHECK PASSED}} An approved LICENSE was found in project root.
2022-06-15 20:49:19 - [INFO] - An approved LICENSE (Apache-2.0) was found in /home/elonjia/caravel_tutorial/OpenFASOC-NIST-PMU-ReRAM.
2022-06-15 20:49:20 - [INFO] - An approved LICENSE (Apache-2.0) was found in /home/elonjia/caravel_tutorial/OpenFASOC-NIST-PMU-ReRAM.
2022-06-15 20:49:21 - [INFO] - An approved LICENSE (Apache-2.0) was found in /home/elonjia/caravel_tutorial/OpenFASOC-NIST-PMU-ReRAM.
2022-06-15 20:49:21 - [INFO] - {{SUBMODULES LICENSE CHECK PASSED}} No prohibited LICENSE file(s) was found in project submodules
2022-06-15 20:49:21 - [INFO] - {{SPDX COMPLIANCE CHECK PASSED}} Project is compliant with the SPDX Standard
2022-06-15 20:49:21 - [INFO] - {{STEP UPDATE}} Executing Check 2 of 13: Makefile
2022-06-15 20:49:21 - [INFO] - {{MAKEFILE CHECK PASSED}} Makefile valid.
2022-06-15 20:49:21 - [INFO] - {{STEP UPDATE}} Executing Check 3 of 13: Default
2022-06-15 20:49:21 - [WARNING] - The provided 'README.md' is identical to the default 'README.md'
2022-06-15 20:49:21 - [WARNING] - {{README DEFAULT CHECK FAILED}} Project 'README.md' was not modified and is identical to the default 'README.md'
2022-06-15 20:49:21 - [INFO] - {{CONTENT DEFAULT CHECK PASSED}} Project 'gds' was modified and is not identical to the default 'gds'
2022-06-15 20:49:21 - [INFO] - {{STEP UPDATE}} Executing Check 4 of 13: Documentation
2022-06-15 20:49:21 - [INFO] - {{DOCUMENTATION CHECK PASSED}} Project documentation is appropriate.
2022-06-15 20:49:21 - [INFO] - {{STEP UPDATE}} Executing Check 5 of 13: Consistency
2022-06-15 20:49:21 - [WARNING] - {{CONSISTENCY CHECK FAILED}} user_analog_project_wrapper.spice file was not found in /home/elonjia/caravel_tutorial/OpenFASOC-NIST-PMU-ReRAM/netgen.
2022-06-15 20:49:21 - [WARNING] - {{CONSISTENCY CHECK FAILED}} The user netlist and the top netlist are not valid.
2022-06-15 20:49:21 - [INFO] - {{STEP UPDATE}} Executing Check 6 of 13: XOR
2022-06-15 20:49:38 - [INFO] - {{XOR CHECK UPDATE}} Total XOR differences: 0, for more details view /home/elonjia/caravel_tutorial/OpenFASOC-NIST-PMU-ReRAM/precheck_results/15_JUN_2022___20_49_17/outputs/user_analog_project_wrapper.xor.gds
2022-06-15 20:49:38 - [INFO] - {{XOR CHECK PASSED}} The GDS file has no XOR violations.
2022-06-15 20:49:38 - [INFO] - {{STEP UPDATE}} Executing Check 7 of 13: Magic DRC
2022-06-15 20:49:54 - [INFO] - 0 DRC violations
2022-06-15 20:49:54 - [INFO] - {{MAGIC DRC CHECK PASSED}} The GDS file, user_analog_project_wrapper.gds, has no DRC violations.
2022-06-15 20:49:54 - [INFO] - {{STEP UPDATE}} Executing Check 8 of 13: Klayout FEOL
2022-06-15 20:50:14 - [ERROR] - Total # of DRC violations is 7008 Please check /home/elonjia/caravel_tutorial/OpenFASOC-NIST-PMU-ReRAM/precheck_results/15_JUN_2022___20_49_17/outputs/reports/klayout_feol_check.xml For more details
2022-06-15 20:50:14 - [WARNING] - {{Klayout FEOL CHECK FAILED}} The GDS file, user_analog_project_wrapper.gds, has DRC violations.
2022-06-15 20:50:14 - [INFO] - {{STEP UPDATE}} Executing Check 9 of 13: Klayout BEOL
2022-06-15 20:53:41 - [INFO] - No DRC Violations found
2022-06-15 20:53:41 - [INFO] - {{Klayout BEOL CHECK PASSED}} The GDS file, user_analog_project_wrapper.gds, has no DRC violations.
2022-06-15 20:53:41 - [INFO] - {{STEP UPDATE}} Executing Check 10 of 13: Klayout Offgrid
2022-06-15 20:53:49 - [ERROR] - Total # of DRC violations is 30 Please check /home/elonjia/caravel_tutorial/OpenFASOC-NIST-PMU-ReRAM/precheck_results/15_JUN_2022___20_49_17/outputs/reports/klayout_offgrid_check.xml For more details
2022-06-15 20:53:49 - [WARNING] - {{Klayout Offgrid CHECK FAILED}} The GDS file, user_analog_project_wrapper.gds, has DRC violations.
2022-06-15 20:53:49 - [INFO] - {{STEP UPDATE}} Executing Check 11 of 13: Klayout Metal Minimum Clear Area Density
2022-06-15 20:53:52 - [INFO] - No DRC Violations found
2022-06-15 20:53:52 - [INFO] - {{Klayout Metal Minimum Clear Area Density CHECK PASSED}} The GDS file, user_analog_project_wrapper.gds, has no DRC violations.
2022-06-15 20:53:52 - [INFO] - {{STEP UPDATE}} Executing Check 12 of 13: Klayout Pin Label Purposes Overlapping Drawing
2022-06-15 20:53:54 - [INFO] - No DRC Violations found
2022-06-15 20:53:54 - [INFO] - {{Klayout Pin Label Purposes Overlapping Drawing CHECK PASSED}} The GDS file, user_analog_project_wrapper.gds, has no DRC violations.
2022-06-15 20:53:54 - [INFO] - {{STEP UPDATE}} Executing Check 13 of 13: Klayout ZeroArea
2022-06-15 20:54:00 - [ERROR] - Total # of DRC violations is 347 Please check /home/elonjia/caravel_tutorial/OpenFASOC-NIST-PMU-ReRAM/precheck_results/15_JUN_2022___20_49_17/outputs/reports/klayout_zeroarea_check.xml For more details
2022-06-15 20:54:00 - [WARNING] - {{Klayout ZeroArea CHECK FAILED}} The GDS file, user_analog_project_wrapper.gds, has DRC violations.
2022-06-15 20:54:00 - [INFO] - {{FINISH}} Executing Finished, the full log 'precheck.log' can be found in '/home/elonjia/caravel_tutorial/OpenFASOC-NIST-PMU-ReRAM/precheck_results/15_JUN_2022___20_49_17/logs'
2022-06-15 20:54:00 - [CRITICAL] - {{FAILURE}} 5 Check(s) Failed: ['Default', 'Consistency', 'Klayout FEOL', 'Klayout Offgrid', 'Klayout ZeroArea'] !!!
